c:\users\steveny\downloads\cse167-spring-2015-starter-code-master\cse167-spring-2015-starter-code-master\debug\vc120.pdb
c:\users\steveny\downloads\cse167-spring-2015-starter-code-master\cse167-spring-2015-starter-code-master\debug\vc120.idb
c:\users\steveny\downloads\cse167-spring-2015-starter-code-master\cse167-spring-2015-starter-code-master\debug\group.obj
c:\users\steveny\downloads\cse167-spring-2015-starter-code-master\cse167-spring-2015-starter-code-master\debug\house.obj
c:\users\steveny\downloads\cse167-spring-2015-starter-code-master\cse167-spring-2015-starter-code-master\debug\light.obj
c:\users\steveny\downloads\cse167-spring-2015-starter-code-master\cse167-spring-2015-starter-code-master\debug\main.obj
c:\users\steveny\downloads\cse167-spring-2015-starter-code-master\cse167-spring-2015-starter-code-master\debug\material.obj
c:\users\steveny\downloads\cse167-spring-2015-starter-code-master\cse167-spring-2015-starter-code-master\debug\mathtestbench.obj
c:\users\steveny\downloads\cse167-spring-2015-starter-code-master\cse167-spring-2015-starter-code-master\debug\matrix4.obj
c:\users\steveny\downloads\cse167-spring-2015-starter-code-master\cse167-spring-2015-starter-code-master\debug\matrixtransform.obj
c:\users\steveny\downloads\cse167-spring-2015-starter-code-master\cse167-spring-2015-starter-code-master\debug\node.obj
c:\users\steveny\downloads\cse167-spring-2015-starter-code-master\cse167-spring-2015-starter-code-master\debug\objobject.obj
c:\users\steveny\downloads\cse167-spring-2015-starter-code-master\cse167-spring-2015-starter-code-master\debug\rasterizer.obj
c:\users\steveny\downloads\cse167-spring-2015-starter-code-master\cse167-spring-2015-starter-code-master\debug\robot.obj
c:\users\steveny\downloads\cse167-spring-2015-starter-code-master\cse167-spring-2015-starter-code-master\debug\skybox.obj
c:\users\steveny\downloads\cse167-spring-2015-starter-code-master\cse167-spring-2015-starter-code-master\debug\sphere.obj
c:\users\steveny\downloads\cse167-spring-2015-starter-code-master\cse167-spring-2015-starter-code-master\debug\terrain.obj
c:\users\steveny\downloads\cse167-spring-2015-starter-code-master\cse167-spring-2015-starter-code-master\debug\texture.obj
c:\users\steveny\downloads\cse167-spring-2015-starter-code-master\cse167-spring-2015-starter-code-master\debug\updatedata.obj
c:\users\steveny\downloads\cse167-spring-2015-starter-code-master\cse167-spring-2015-starter-code-master\debug\vector3.obj
c:\users\steveny\downloads\cse167-spring-2015-starter-code-master\cse167-spring-2015-starter-code-master\debug\vector4.obj
c:\users\steveny\downloads\cse167-spring-2015-starter-code-master\cse167-spring-2015-starter-code-master\debug\window.obj
c:\users\steveny\downloads\cse167-spring-2015-starter-code-master\cse167-spring-2015-starter-code-master\debug\camera.obj
c:\users\steveny\downloads\cse167-spring-2015-starter-code-master\cse167-spring-2015-starter-code-master\debug\color.obj
c:\users\steveny\downloads\cse167-spring-2015-starter-code-master\cse167-spring-2015-starter-code-master\debug\cube.obj
c:\users\steveny\downloads\cse167-spring-2015-starter-code-master\cse167-spring-2015-starter-code-master\debug\cylinder.obj
c:\users\steveny\downloads\cse167-spring-2015-starter-code-master\cse167-spring-2015-starter-code-master\debug\drawable.obj
c:\users\steveny\downloads\cse167-spring-2015-starter-code-master\cse167-spring-2015-starter-code-master\debug\drawdata.obj
c:\users\steveny\downloads\cse167-spring-2015-starter-code-master\cse167-spring-2015-starter-code-master\debug\geode.obj
c:\users\steveny\downloads\cse167-spring-2015-starter-code-master\cse167-spring-2015-starter-code-master\debug\globals.obj
c:\users\steveny\downloads\cse167-spring-2015-starter-code-master\cse167-spring-2015-starter-code-master\debug\cse167 p1.ilk
c:\users\steveny\downloads\cse167-spring-2015-starter-code-master\cse167-spring-2015-starter-code-master\debug\cse167 p1.pdb
c:\users\steveny\downloads\cse167-spring-2015-starter-code-master\cse167-spring-2015-starter-code-master\debug\cse167 p1.exe
c:\users\steveny\downloads\cse167-spring-2015-starter-code-master\cse167-spring-2015-starter-code-master\debug\cse167 p1.tlog\cl.command.1.tlog
c:\users\steveny\downloads\cse167-spring-2015-starter-code-master\cse167-spring-2015-starter-code-master\debug\cse167 p1.tlog\cl.read.1.tlog
c:\users\steveny\downloads\cse167-spring-2015-starter-code-master\cse167-spring-2015-starter-code-master\debug\cse167 p1.tlog\cl.write.1.tlog
c:\users\steveny\downloads\cse167-spring-2015-starter-code-master\cse167-spring-2015-starter-code-master\debug\cse167 p1.tlog\link.command.1.tlog
c:\users\steveny\downloads\cse167-spring-2015-starter-code-master\cse167-spring-2015-starter-code-master\debug\cse167 p1.tlog\link.read.1.tlog
c:\users\steveny\downloads\cse167-spring-2015-starter-code-master\cse167-spring-2015-starter-code-master\debug\cse167 p1.tlog\link.write.1.tlog
