c:\users\steveny\downloads\cse167-spring-2015-starter-code-master\cse167-spring-2015-starter-code-master\debug\vc120.pdb
c:\users\steveny\downloads\cse167-spring-2015-starter-code-master\cse167-spring-2015-starter-code-master\debug\vc120.idb
c:\users\steveny\downloads\cse167-spring-2015-starter-code-master\cse167-spring-2015-starter-code-master\debug\camera.obj
c:\users\steveny\downloads\cse167-spring-2015-starter-code-master\cse167-spring-2015-starter-code-master\debug\color.obj
c:\users\steveny\downloads\cse167-spring-2015-starter-code-master\cse167-spring-2015-starter-code-master\debug\cube.obj
c:\users\steveny\downloads\cse167-spring-2015-starter-code-master\cse167-spring-2015-starter-code-master\debug\drawable.obj
c:\users\steveny\downloads\cse167-spring-2015-starter-code-master\cse167-spring-2015-starter-code-master\debug\drawdata.obj
c:\users\steveny\downloads\cse167-spring-2015-starter-code-master\cse167-spring-2015-starter-code-master\debug\globals.obj
c:\users\steveny\downloads\cse167-spring-2015-starter-code-master\cse167-spring-2015-starter-code-master\debug\house.obj
c:\users\steveny\downloads\cse167-spring-2015-starter-code-master\cse167-spring-2015-starter-code-master\debug\light.obj
c:\users\steveny\downloads\cse167-spring-2015-starter-code-master\cse167-spring-2015-starter-code-master\debug\main.obj
c:\users\steveny\downloads\cse167-spring-2015-starter-code-master\cse167-spring-2015-starter-code-master\debug\material.obj
c:\users\steveny\downloads\cse167-spring-2015-starter-code-master\cse167-spring-2015-starter-code-master\debug\mathtestbench.obj
c:\users\steveny\downloads\cse167-spring-2015-starter-code-master\cse167-spring-2015-starter-code-master\debug\matrix4.obj
c:\users\steveny\downloads\cse167-spring-2015-starter-code-master\cse167-spring-2015-starter-code-master\debug\objobject.obj
c:\users\steveny\downloads\cse167-spring-2015-starter-code-master\cse167-spring-2015-starter-code-master\debug\rasterizer.obj
c:\users\steveny\downloads\cse167-spring-2015-starter-code-master\cse167-spring-2015-starter-code-master\debug\sphere.obj
c:\users\steveny\downloads\cse167-spring-2015-starter-code-master\cse167-spring-2015-starter-code-master\debug\texture.obj
c:\users\steveny\downloads\cse167-spring-2015-starter-code-master\cse167-spring-2015-starter-code-master\debug\updatedata.obj
c:\users\steveny\downloads\cse167-spring-2015-starter-code-master\cse167-spring-2015-starter-code-master\debug\vector3.obj
c:\users\steveny\downloads\cse167-spring-2015-starter-code-master\cse167-spring-2015-starter-code-master\debug\vector4.obj
c:\users\steveny\downloads\cse167-spring-2015-starter-code-master\cse167-spring-2015-starter-code-master\debug\window.obj
c:\users\steveny\downloads\cse167-spring-2015-starter-code-master\cse167-spring-2015-starter-code-master\debug\cse167_pa4.pdb
c:\users\steveny\downloads\cse167-spring-2015-starter-code-master\cse167-spring-2015-starter-code-master\debug\cse167_pa4.tlog\cl.command.1.tlog
c:\users\steveny\downloads\cse167-spring-2015-starter-code-master\cse167-spring-2015-starter-code-master\debug\cse167_pa4.tlog\cl.read.1.tlog
c:\users\steveny\downloads\cse167-spring-2015-starter-code-master\cse167-spring-2015-starter-code-master\debug\cse167_pa4.tlog\cl.write.1.tlog
c:\users\steveny\downloads\cse167-spring-2015-starter-code-master\cse167-spring-2015-starter-code-master\debug\cse167_pa4.tlog\link-cvtres.read.1.tlog
c:\users\steveny\downloads\cse167-spring-2015-starter-code-master\cse167-spring-2015-starter-code-master\debug\cse167_pa4.tlog\link-cvtres.write.1.tlog
c:\users\steveny\downloads\cse167-spring-2015-starter-code-master\cse167-spring-2015-starter-code-master\debug\cse167_pa4.tlog\link-rc.read.1.tlog
c:\users\steveny\downloads\cse167-spring-2015-starter-code-master\cse167-spring-2015-starter-code-master\debug\cse167_pa4.tlog\link-rc.write.1.tlog
c:\users\steveny\downloads\cse167-spring-2015-starter-code-master\cse167-spring-2015-starter-code-master\debug\cse167_pa4.tlog\link.command.1.tlog
c:\users\steveny\downloads\cse167-spring-2015-starter-code-master\cse167-spring-2015-starter-code-master\debug\cse167_pa4.tlog\link.read.1.tlog
c:\users\steveny\downloads\cse167-spring-2015-starter-code-master\cse167-spring-2015-starter-code-master\debug\cse167_pa4.tlog\link.write.1.tlog
